<?xml version="1.0" encoding="UTF-8"?>
<testsuite xmlns:xsi="http://www.w3.org/2001/XMLSchema-instance" xsi:noNamespaceSchemaLocation="https://maven.apache.org/surefire/maven-surefire-plugin/xsd/surefire-test-report.xsd" name="com.truphone.challenge.controller.FamiliyControllerIntegrationTest" time="1.071" tests="15" errors="0" skipped="0" failures="0">
  <properties>
[...]
</properties>
  <testcase name="testCreateFamily" classname="com.truphone.challenge.controller.FamiliyControllerIntegrationTest" time="0.038"/>
  <testcase name="testCreateFamily_with_invalid_country_code" classname="com.truphone.challenge.controller.FamiliyControllerIntegrationTest" time="0.092"/>
  <testcase name="testGetFamiliesByCountryCode" classname="com.truphone.challenge.controller.FamiliyControllerIntegrationTest" time="0.025"/>
  <testcase name="testFindAgedFamily" classname="com.truphone.challenge.controller.FamiliyControllerIntegrationTest" time="0.086"/>
  <testcase name="testGetAllFamily_with_two_pages" classname="com.truphone.challenge.controller.FamiliyControllerIntegrationTest" time="0.093"/>
  <testcase name="testUpdateFamily" classname="com.truphone.challenge.controller.FamiliyControllerIntegrationTest" time="0.073"/>
  <testcase name="testDeleteFamily" classname="com.truphone.challenge.controller.FamiliyControllerIntegrationTest" time="0.128"/>
  <testcase name="testPartialUpdateFamily" classname="com.truphone.challenge.controller.FamiliyControllerIntegrationTest" time="0.106"/>
  <testcase name="testGetAllFamily" classname="com.truphone.challenge.controller.FamiliyControllerIntegrationTest" time="0.049"/>
  <testcase name="testGetFamily" classname="com.truphone.challenge.controller.FamiliyControllerIntegrationTest" time="0.046"/>
  <testcase name="testGetFamiliesByCountryCode_with_default_pagination" classname="com.truphone.challenge.controller.FamiliyControllerIntegrationTest" time="0.051"/>
  <testcase name="testGetFamiliesByCountryCode_page_without_elements" classname="com.truphone.challenge.controller.FamiliyControllerIntegrationTest" time="0.051"/>
  <testcase name="testPartialUpdateFamily_with_wrong_country_code" classname="com.truphone.challenge.controller.FamiliyControllerIntegrationTest" time="0.106"/>
  <testcase name="testFindFastGrowingFamily" classname="com.truphone.challenge.controller.FamiliyControllerIntegrationTest" time="0.026"/>
  <testcase name="testUpdateFamily_with_wrong_country_code" classname="com.truphone.challenge.controller.FamiliyControllerIntegrationTest" time="0.085"/>
</testsuite>